<?xml version="1.0" encoding="UTF-8"?>
<!-- Generated by org.testng.reporters.JUnitReportReporter -->
<testsuite skipped="0" hostname="DESKTOP-MEGCP4U" name="tnm_review_US_main.CreateRequest_US" tests="13" failures="0" timestamp="2021-11-19T15:52:44 IST" time="180.833" errors="0">
  <testcase name="RIPC_Login" time="24.592" classname="tnm_review_US_main.CreateRequest_US"/>
  <system-out/>
  <testcase name="switching_insta" time="63.261" classname="tnm_review_US_main.CreateRequest_US"/>
  <system-out/>
  <testcase name="create_req" time="3.039" classname="tnm_review_US_main.CreateRequest_US"/>
  <system-out/>
  <testcase name="switch_cntry" time="2.064" classname="tnm_review_US_main.CreateRequest_US"/>
  <system-out/>
  <testcase name="skill_req" time="3.452" classname="tnm_review_US_main.CreateRequest_US"/>
  <system-out/>
  <testcase name="chang_requestor" time="7.137" classname="tnm_review_US_main.CreateRequest_US"/>
  <system-out/>
  <testcase name="select_requestor" time="13.631" classname="tnm_review_US_main.CreateRequest_US"/>
  <system-out/>
  <testcase name="select_jrss" time="6.804" classname="tnm_review_US_main.CreateRequest_US"/>
  <system-out/>
  <testcase name="req_details" time="14.185" classname="tnm_review_US_main.CreateRequest_US"/>
  <system-out/>
  <testcase name="loc_details" time="5.247" classname="tnm_review_US_main.CreateRequest_US"/>
  <system-out/>
  <testcase name="alert_call" time="0.029" classname="tnm_review_US_main.CreateRequest_US"/>
  <system-out/>
  <testcase name="rates_details" time="11.166" classname="tnm_review_US_main.CreateRequest_US"/>
  <system-out/>
  <testcase name="sup_slection" time="26.226" classname="tnm_review_US_main.CreateRequest_US"/>
  <system-out/>
</testsuite> <!-- tnm_review_US_main.CreateRequest_US -->
